[29-Jul-2016 19:58:36 UTC] PHP Warning:  assert(): Assertion failed in /home/ubuntu/workspace/DependencyContainer/Test/test.php on line 4
[29-Jul-2016 19:58:36 UTC] PHP Stack trace:
[29-Jul-2016 19:58:36 UTC] PHP   1. {main}() /home/ubuntu/workspace/DependencyContainer/Test/test.php:0
[29-Jul-2016 19:58:36 UTC] PHP   2. assert() /home/ubuntu/workspace/DependencyContainer/Test/test.php:4
[30-Jul-2016 12:04:53 UTC] PHP Fatal error:  Interface 'Psr\Container\ContainerInterface' not found in /home/ubuntu/workspace/DependencyContainer/DependencyContainer.php on line 5
[30-Jul-2016 12:04:53 UTC] PHP Stack trace:
[30-Jul-2016 12:04:53 UTC] PHP   1. {main}() /home/ubuntu/workspace/DependencyContainer/Test/test.php:0
[30-Jul-2016 12:04:53 UTC] PHP   2. require_once() /home/ubuntu/workspace/DependencyContainer/Test/test.php:3
[30-Jul-2016 12:06:28 UTC] PHP Fatal error:  Interface 'Psr\Container\ContainerInterface' not found in /home/ubuntu/workspace/DependencyContainer/DependencyContainer.php on line 5
[30-Jul-2016 12:06:28 UTC] PHP Stack trace:
[30-Jul-2016 12:06:28 UTC] PHP   1. {main}() /home/ubuntu/workspace/DependencyContainer/Test/test.php:0
[30-Jul-2016 12:06:28 UTC] PHP   2. require_once() /home/ubuntu/workspace/DependencyContainer/Test/test.php:3
[30-Jul-2016 12:06:55 UTC] PHP Fatal error:  Interface 'Psr\Container\ContainerInterface' not found in /home/ubuntu/workspace/DependencyContainer/DependencyContainer.php on line 5
[30-Jul-2016 12:06:55 UTC] PHP Stack trace:
[30-Jul-2016 12:06:55 UTC] PHP   1. {main}() /home/ubuntu/workspace/DependencyContainer/Test/test.php:0
[30-Jul-2016 12:06:55 UTC] PHP   2. require_once() /home/ubuntu/workspace/DependencyContainer/Test/test.php:3
[30-Jul-2016 12:07:08 UTC] PHP Fatal error:  Interface 'Psr\Container\ContainerInterface' not found in /home/ubuntu/workspace/DependencyContainer/DependencyContainer.php on line 5
[30-Jul-2016 12:07:08 UTC] PHP Stack trace:
[30-Jul-2016 12:07:08 UTC] PHP   1. {main}() /home/ubuntu/workspace/DependencyContainer/Test/test.php:0
[30-Jul-2016 12:07:08 UTC] PHP   2. require_once() /home/ubuntu/workspace/DependencyContainer/Test/test.php:3
[30-Jul-2016 12:08:03 UTC] PHP Fatal error:  Class 'DependencyContainerNotFoundException' not found in /home/ubuntu/workspace/DependencyContainer/DependencyContainer.php on line 40
[30-Jul-2016 12:08:03 UTC] PHP Stack trace:
[30-Jul-2016 12:08:03 UTC] PHP   1. {main}() /home/ubuntu/workspace/DependencyContainer/Test/test.php:0
[30-Jul-2016 12:08:03 UTC] PHP   2. DependencyContainer->get() /home/ubuntu/workspace/DependencyContainer/Test/test.php:65
[30-Jul-2016 12:09:45 UTC] PHP Fatal error:  Class 'DependencyContainerNotFoundException' not found in /home/ubuntu/workspace/DependencyContainer/DependencyContainer.php on line 42
[30-Jul-2016 12:09:45 UTC] PHP Stack trace:
[30-Jul-2016 12:09:45 UTC] PHP   1. {main}() /home/ubuntu/workspace/DependencyContainer/Test/test.php:0
[30-Jul-2016 12:09:45 UTC] PHP   2. DependencyContainer->get() /home/ubuntu/workspace/DependencyContainer/Test/test.php:65
[30-Jul-2016 12:10:06 UTC] PHP Fatal error:  Class 'DependencyContainer\Exception\DependencyContainerNotFoundException' not found in /home/ubuntu/workspace/DependencyContainer/DependencyContainer.php on line 43
[30-Jul-2016 12:10:06 UTC] PHP Stack trace:
[30-Jul-2016 12:10:06 UTC] PHP   1. {main}() /home/ubuntu/workspace/DependencyContainer/Test/test.php:0
[30-Jul-2016 12:10:06 UTC] PHP   2. DependencyContainer->get() /home/ubuntu/workspace/DependencyContainer/Test/test.php:65
[30-Jul-2016 12:12:51 UTC] PHP Fatal error:  Class 'DependencyContainer\Exception\Exception' not found in /home/ubuntu/workspace/DependencyContainer/Exception/DependencyContainerNotFoundException.php on line 5
[30-Jul-2016 12:12:51 UTC] PHP Stack trace:
[30-Jul-2016 12:12:51 UTC] PHP   1. {main}() /home/ubuntu/workspace/DependencyContainer/Test/test.php:0
[30-Jul-2016 12:12:51 UTC] PHP   2. DependencyContainer->get() /home/ubuntu/workspace/DependencyContainer/Test/test.php:65
[30-Jul-2016 12:12:51 UTC] PHP   3. spl_autoload_call() /home/ubuntu/workspace/DependencyContainer/Test/test.php:43
[30-Jul-2016 12:12:51 UTC] PHP   4. {closure:/home/ubuntu/workspace/DependencyContainer/autoload.php:6-35}() /home/ubuntu/workspace/DependencyContainer/Test/test.php:43
[30-Jul-2016 12:12:51 UTC] PHP   5. require() /home/ubuntu/workspace/DependencyContainer/autoload.php:33
[30-Jul-2016 12:13:27 UTC] PHP Fatal error:  Interface 'DependencyContainer\Exception\Psr\Container\Exception\NotFoundExceptionInterface' not found in /home/ubuntu/workspace/DependencyContainer/Exception/DependencyContainerNotFoundException.php on line 6
[30-Jul-2016 12:13:27 UTC] PHP Stack trace:
[30-Jul-2016 12:13:27 UTC] PHP   1. {main}() /home/ubuntu/workspace/DependencyContainer/Test/test.php:0
[30-Jul-2016 12:13:27 UTC] PHP   2. DependencyContainer->get() /home/ubuntu/workspace/DependencyContainer/Test/test.php:65
[30-Jul-2016 12:13:27 UTC] PHP   3. spl_autoload_call() /home/ubuntu/workspace/DependencyContainer/Test/test.php:43
[30-Jul-2016 12:13:27 UTC] PHP   4. {closure:/home/ubuntu/workspace/DependencyContainer/autoload.php:6-35}() /home/ubuntu/workspace/DependencyContainer/Test/test.php:43
[30-Jul-2016 12:13:27 UTC] PHP   5. require() /home/ubuntu/workspace/DependencyContainer/autoload.php:33
[30-Jul-2016 12:15:26 UTC] PHP Warning:  require_once(autoload.php): failed to open stream: No such file or directory in /home/ubuntu/workspace/DependencyContainer/src/DependencyContainer.php on line 3
[30-Jul-2016 12:15:26 UTC] PHP Stack trace:
[30-Jul-2016 12:15:26 UTC] PHP   1. {main}() /home/ubuntu/workspace/DependencyContainer/Test/test.php:0
[30-Jul-2016 12:15:26 UTC] PHP   2. spl_autoload_call() /home/ubuntu/workspace/DependencyContainer/Test/test.php:5
[30-Jul-2016 12:15:26 UTC] PHP   3. {closure:/home/ubuntu/workspace/DependencyContainer/autoload.php:6-35}() /home/ubuntu/workspace/DependencyContainer/Test/test.php:5
[30-Jul-2016 12:15:26 UTC] PHP   4. require() /home/ubuntu/workspace/DependencyContainer/autoload.php:33
[30-Jul-2016 12:15:26 UTC] PHP Fatal error:  require_once(): Failed opening required 'autoload.php' (include_path='.:/usr/share/php:/usr/share/pear') in /home/ubuntu/workspace/DependencyContainer/src/DependencyContainer.php on line 3
[30-Jul-2016 12:15:26 UTC] PHP Stack trace:
[30-Jul-2016 12:15:26 UTC] PHP   1. {main}() /home/ubuntu/workspace/DependencyContainer/Test/test.php:0
[30-Jul-2016 12:15:26 UTC] PHP   2. spl_autoload_call() /home/ubuntu/workspace/DependencyContainer/Test/test.php:5
[30-Jul-2016 12:15:26 UTC] PHP   3. {closure:/home/ubuntu/workspace/DependencyContainer/autoload.php:6-35}() /home/ubuntu/workspace/DependencyContainer/Test/test.php:5
[30-Jul-2016 12:15:26 UTC] PHP   4. require() /home/ubuntu/workspace/DependencyContainer/autoload.php:33
[30-Jul-2016 12:15:39 UTC] PHP Fatal error:  Interface 'DependencyContainer\Exception\Psr\Container\Exception\NotFoundExceptionInterface' not found in /home/ubuntu/workspace/DependencyContainer/src/Exception/DependencyContainerNotFoundException.php on line 6
[30-Jul-2016 12:15:39 UTC] PHP Stack trace:
[30-Jul-2016 12:15:39 UTC] PHP   1. {main}() /home/ubuntu/workspace/DependencyContainer/Test/test.php:0
[30-Jul-2016 12:15:39 UTC] PHP   2. DependencyContainer->get() /home/ubuntu/workspace/DependencyContainer/Test/test.php:65
[30-Jul-2016 12:15:39 UTC] PHP   3. spl_autoload_call() /home/ubuntu/workspace/DependencyContainer/Test/test.php:43
[30-Jul-2016 12:15:39 UTC] PHP   4. {closure:/home/ubuntu/workspace/DependencyContainer/autoload.php:6-35}() /home/ubuntu/workspace/DependencyContainer/Test/test.php:43
[30-Jul-2016 12:15:39 UTC] PHP   5. require() /home/ubuntu/workspace/DependencyContainer/autoload.php:33
[30-Jul-2016 12:16:28 UTC] PHP Fatal error:  Interface 'DependencyContainer\DependencyContainer\Psr\Container\ContainerInterface' not found in /home/ubuntu/workspace/DependencyContainer/src/DependencyContainer.php on line 8
[30-Jul-2016 12:16:28 UTC] PHP Stack trace:
[30-Jul-2016 12:16:28 UTC] PHP   1. {main}() /home/ubuntu/workspace/DependencyContainer/Test/test.php:0
[30-Jul-2016 12:16:28 UTC] PHP   2. spl_autoload_call() /home/ubuntu/workspace/DependencyContainer/Test/test.php:5
[30-Jul-2016 12:16:28 UTC] PHP   3. {closure:/home/ubuntu/workspace/DependencyContainer/autoload.php:6-35}() /home/ubuntu/workspace/DependencyContainer/Test/test.php:5
[30-Jul-2016 12:16:28 UTC] PHP   4. require() /home/ubuntu/workspace/DependencyContainer/autoload.php:33
[30-Jul-2016 12:17:00 UTC] PHP Fatal error:  Interface 'DependencyContainer\Psr\Container\ContainerInterface' not found in /home/ubuntu/workspace/DependencyContainer/src/DependencyContainer.php on line 5
[30-Jul-2016 12:17:00 UTC] PHP Stack trace:
[30-Jul-2016 12:17:00 UTC] PHP   1. {main}() /home/ubuntu/workspace/DependencyContainer/Test/test.php:0
[30-Jul-2016 12:17:00 UTC] PHP   2. spl_autoload_call() /home/ubuntu/workspace/DependencyContainer/Test/test.php:5
[30-Jul-2016 12:17:00 UTC] PHP   3. {closure:/home/ubuntu/workspace/DependencyContainer/autoload.php:6-35}() /home/ubuntu/workspace/DependencyContainer/Test/test.php:5
[30-Jul-2016 12:17:00 UTC] PHP   4. require() /home/ubuntu/workspace/DependencyContainer/autoload.php:33
[30-Jul-2016 12:18:23 UTC] PHP Fatal error:  Class 'DependencyContainer' not found in /home/ubuntu/workspace/DependencyContainer/Test/test.php on line 5
[30-Jul-2016 12:18:23 UTC] PHP Stack trace:
[30-Jul-2016 12:18:23 UTC] PHP   1. {main}() /home/ubuntu/workspace/DependencyContainer/Test/test.php:0
[30-Jul-2016 12:18:48 UTC] PHP Warning:  The use statement with non-compound name 'DependencyContainer' has no effect in /home/ubuntu/workspace/DependencyContainer/Test/test.php on line 3
[30-Jul-2016 12:18:48 UTC] PHP Fatal error:  Class 'DependencyContainer' not found in /home/ubuntu/workspace/DependencyContainer/Test/test.php on line 7
[30-Jul-2016 12:18:48 UTC] PHP Stack trace:
[30-Jul-2016 12:18:48 UTC] PHP   1. {main}() /home/ubuntu/workspace/DependencyContainer/Test/test.php:0
[30-Jul-2016 12:19:07 UTC] PHP Fatal error:  Class 'DependencyContainer\DependencyContainer' not found in /home/ubuntu/workspace/DependencyContainer/Test/test.php on line 5
[30-Jul-2016 12:19:07 UTC] PHP Stack trace:
[30-Jul-2016 12:19:07 UTC] PHP   1. {main}() /home/ubuntu/workspace/DependencyContainer/Test/test.php:0
[30-Jul-2016 12:19:50 UTC] PHP Warning:  The use statement with non-compound name 'DependencyContainer' has no effect in /home/ubuntu/workspace/DependencyContainer/Test/test.php on line 3
[30-Jul-2016 12:19:50 UTC] PHP Fatal error:  Class 'DependencyContainer' not found in /home/ubuntu/workspace/DependencyContainer/Test/test.php on line 7
[30-Jul-2016 12:19:50 UTC] PHP Stack trace:
[30-Jul-2016 12:19:50 UTC] PHP   1. {main}() /home/ubuntu/workspace/DependencyContainer/Test/test.php:0
[30-Jul-2016 12:20:06 UTC] PHP Fatal error:  Class 'DependencyContainer\DependencyContainer' not found in /home/ubuntu/workspace/DependencyContainer/Test/test.php on line 7
[30-Jul-2016 12:20:07 UTC] PHP Stack trace:
[30-Jul-2016 12:20:07 UTC] PHP   1. {main}() /home/ubuntu/workspace/DependencyContainer/Test/test.php:0
[30-Jul-2016 12:20:37 UTC] PHP Warning:  The use statement with non-compound name 'DependencyContainer' has no effect in /home/ubuntu/workspace/DependencyContainer/Test/test.php on line 3
[30-Jul-2016 12:20:37 UTC] PHP Parse error:  syntax error, unexpected ' ', expecting variable (T_VARIABLE) or ${ (T_DOLLAR_OPEN_CURLY_BRACES) or {$ (T_CURLY_OPEN) in /home/ubuntu/workspace/DependencyContainer/Test/test.php on line 92
[30-Jul-2016 12:21:00 UTC] PHP Fatal error:  Class 'DependencyContainer\DependencyContainer' not found in /home/ubuntu/workspace/DependencyContainer/Test/test.php on line 7
[30-Jul-2016 12:21:00 UTC] PHP Stack trace:
[30-Jul-2016 12:21:00 UTC] PHP   1. {main}() /home/ubuntu/workspace/DependencyContainer/Test/test.php:0
[30-Jul-2016 12:22:47 UTC] PHP Warning:  The use statement with non-compound name 'DependencyContainer' has no effect in /home/ubuntu/workspace/DependencyContainer/Test/test.php on line 3
[30-Jul-2016 12:22:47 UTC] PHP Fatal error:  Class 'DependencyContainer' not found in /home/ubuntu/workspace/DependencyContainer/Test/test.php on line 7
[30-Jul-2016 12:22:47 UTC] PHP Stack trace:
[30-Jul-2016 12:22:47 UTC] PHP   1. {main}() /home/ubuntu/workspace/DependencyContainer/Test/test.php:0
[30-Jul-2016 12:24:33 UTC] PHP Fatal error:  Class 'DependencyContainer' not found in /home/ubuntu/workspace/DependencyContainer/Test/test.php on line 7
[30-Jul-2016 12:24:33 UTC] PHP Stack trace:
[30-Jul-2016 12:24:33 UTC] PHP   1. {main}() /home/ubuntu/workspace/DependencyContainer/Test/test.php:0
[30-Jul-2016 12:25:07 UTC] PHP Fatal error:  Class 'DependencyContainer' not found in /home/ubuntu/workspace/DependencyContainer/Test/test.php on line 5
[30-Jul-2016 12:25:07 UTC] PHP Stack trace:
[30-Jul-2016 12:25:07 UTC] PHP   1. {main}() /home/ubuntu/workspace/DependencyContainer/Test/test.php:0
[30-Jul-2016 12:25:39 UTC] PHP Fatal error:  Class 'DependencyContainer' not found in /home/ubuntu/workspace/DependencyContainer/Test/test.php on line 5
[30-Jul-2016 12:25:39 UTC] PHP Stack trace:
[30-Jul-2016 12:25:39 UTC] PHP   1. {main}() /home/ubuntu/workspace/DependencyContainer/Test/test.php:0
[30-Jul-2016 12:25:44 UTC] PHP Fatal error:  Class 'DependencyContainer' not found in /home/ubuntu/workspace/DependencyContainer/Test/test.php on line 5
[30-Jul-2016 12:25:44 UTC] PHP Stack trace:
[30-Jul-2016 12:25:44 UTC] PHP   1. {main}() /home/ubuntu/workspace/DependencyContainer/Test/test.php:0
[30-Jul-2016 12:26:27 UTC] PHP Fatal error:  Interface 'Psr\Container\ContainerInterface' not found in /home/ubuntu/workspace/DependencyContainer/src/DependencyContainer.php on line 5
[30-Jul-2016 12:26:27 UTC] PHP Stack trace:
[30-Jul-2016 12:26:27 UTC] PHP   1. {main}() /home/ubuntu/workspace/DependencyContainer/src/DependencyContainer.php:0
[30-Jul-2016 12:26:33 UTC] PHP Fatal error:  Interface 'DependencyContainer\Exception\Psr\Container\Exception\NotFoundExceptionInterface' not found in /home/ubuntu/workspace/DependencyContainer/src/DependencyContainerNotFoundException.php on line 6
[30-Jul-2016 12:26:33 UTC] PHP Stack trace:
[30-Jul-2016 12:26:33 UTC] PHP   1. {main}() /home/ubuntu/workspace/DependencyContainer/Test/test.php:0
[30-Jul-2016 12:26:33 UTC] PHP   2. DependencyContainer->get() /home/ubuntu/workspace/DependencyContainer/Test/test.php:65
[30-Jul-2016 12:26:33 UTC] PHP   3. spl_autoload_call() /home/ubuntu/workspace/DependencyContainer/Test/test.php:40
[30-Jul-2016 12:26:33 UTC] PHP   4. {closure:/home/ubuntu/workspace/DependencyContainer/autoload.php:6-35}() /home/ubuntu/workspace/DependencyContainer/Test/test.php:40
[30-Jul-2016 12:26:33 UTC] PHP   5. require() /home/ubuntu/workspace/DependencyContainer/autoload.php:33
[30-Jul-2016 12:33:20 UTC] PHP Fatal error:  Interface 'DependencyContainer\Psr\Container\ContainerInterface' not found in /home/ubuntu/workspace/DependencyContainer/src/DependencyContainer.php on line 5
[30-Jul-2016 12:33:20 UTC] PHP Stack trace:
[30-Jul-2016 12:33:20 UTC] PHP   1. {main}() /home/ubuntu/workspace/DependencyContainer/Test/test.php:0
[30-Jul-2016 12:33:20 UTC] PHP   2. spl_autoload_call() /home/ubuntu/workspace/DependencyContainer/Test/test.php:5
[30-Jul-2016 12:33:20 UTC] PHP   3. {closure:/home/ubuntu/workspace/DependencyContainer/autoload.php:6-35}() /home/ubuntu/workspace/DependencyContainer/Test/test.php:5
[30-Jul-2016 12:33:20 UTC] PHP   4. require() /home/ubuntu/workspace/DependencyContainer/autoload.php:33
[30-Jul-2016 12:34:30 UTC] PHP Fatal error:  Class 'DependencyContainer' not found in /home/ubuntu/workspace/DependencyContainer/Test/test.php on line 5
[30-Jul-2016 12:34:30 UTC] PHP Stack trace:
[30-Jul-2016 12:34:30 UTC] PHP   1. {main}() /home/ubuntu/workspace/DependencyContainer/Test/test.php:0
[30-Jul-2016 12:34:56 UTC] PHP Warning:  The use statement with non-compound name 'DependencyContainer' has no effect in /home/ubuntu/workspace/DependencyContainer/Test/test.php on line 3
[30-Jul-2016 12:34:56 UTC] PHP Fatal error:  Class 'DependencyContainer' not found in /home/ubuntu/workspace/DependencyContainer/Test/test.php on line 7
[30-Jul-2016 12:34:56 UTC] PHP Stack trace:
[30-Jul-2016 12:34:56 UTC] PHP   1. {main}() /home/ubuntu/workspace/DependencyContainer/Test/test.php:0
[30-Jul-2016 12:35:07 UTC] PHP Fatal error:  Class 'DependencyContainer\DependencyContainer' not found in /home/ubuntu/workspace/DependencyContainer/Test/test.php on line 7
[30-Jul-2016 12:35:07 UTC] PHP Stack trace:
[30-Jul-2016 12:35:07 UTC] PHP   1. {main}() /home/ubuntu/workspace/DependencyContainer/Test/test.php:0
[30-Jul-2016 12:35:29 UTC] PHP Fatal error:  Class 'DependencyContainer\DependencyContainerNotFoundException' not found in /home/ubuntu/workspace/DependencyContainer/src/DependencyContainer/DependencyContainer.php on line 40
[30-Jul-2016 12:35:29 UTC] PHP Stack trace:
[30-Jul-2016 12:35:29 UTC] PHP   1. {main}() /home/ubuntu/workspace/DependencyContainer/Test/test.php:0
[30-Jul-2016 12:35:29 UTC] PHP   2. DependencyContainer\DependencyContainer->get() /home/ubuntu/workspace/DependencyContainer/Test/test.php:67
[30-Jul-2016 12:36:45 UTC] PHP Warning:  assert(): Assertion failed in /home/ubuntu/workspace/DependencyContainer/Test/test.php on line 71
[30-Jul-2016 12:36:45 UTC] PHP Stack trace:
[30-Jul-2016 12:36:45 UTC] PHP   1. {main}() /home/ubuntu/workspace/DependencyContainer/Test/test.php:0
[30-Jul-2016 12:36:45 UTC] PHP   2. assert() /home/ubuntu/workspace/DependencyContainer/Test/test.php:71
[30-Jul-2016 12:36:45 UTC] PHP Warning:  assert(): Assertion failed in /home/ubuntu/workspace/DependencyContainer/Test/test.php on line 88
[30-Jul-2016 12:36:45 UTC] PHP Stack trace:
[30-Jul-2016 12:36:45 UTC] PHP   1. {main}() /home/ubuntu/workspace/DependencyContainer/Test/test.php:0
[30-Jul-2016 12:36:45 UTC] PHP   2. assert() /home/ubuntu/workspace/DependencyContainer/Test/test.php:88
[30-Jul-2016 12:37:24 UTC] PHP Warning:  assert(): Assertion failed in /home/ubuntu/workspace/DependencyContainer/Test/test.php on line 88
[30-Jul-2016 12:37:24 UTC] PHP Stack trace:
[30-Jul-2016 12:37:24 UTC] PHP   1. {main}() /home/ubuntu/workspace/DependencyContainer/Test/test.php:0
[30-Jul-2016 12:37:24 UTC] PHP   2. assert() /home/ubuntu/workspace/DependencyContainer/Test/test.php:88
[30-Jul-2016 12:37:46 UTC] PHP Warning:  assert(): Assertion failed in /home/ubuntu/workspace/DependencyContainer/Test/test.php on line 88
[30-Jul-2016 12:37:46 UTC] PHP Stack trace:
[30-Jul-2016 12:37:46 UTC] PHP   1. {main}() /home/ubuntu/workspace/DependencyContainer/Test/test.php:0
[30-Jul-2016 12:37:46 UTC] PHP   2. assert() /home/ubuntu/workspace/DependencyContainer/Test/test.php:88
[30-Jul-2016 12:38:35 UTC] PHP Warning:  assert(): Assertion failed in /home/ubuntu/workspace/DependencyContainer/Test/test.php on line 88
[30-Jul-2016 12:38:35 UTC] PHP Stack trace:
[30-Jul-2016 12:38:35 UTC] PHP   1. {main}() /home/ubuntu/workspace/DependencyContainer/Test/test.php:0
[30-Jul-2016 12:38:35 UTC] PHP   2. assert() /home/ubuntu/workspace/DependencyContainer/Test/test.php:88
[30-Jul-2016 12:39:56 UTC] PHP Warning:  assert(): Assertion failed in /home/ubuntu/workspace/DependencyContainer/Test/test.php on line 88
[30-Jul-2016 12:39:56 UTC] PHP Stack trace:
[30-Jul-2016 12:39:56 UTC] PHP   1. {main}() /home/ubuntu/workspace/DependencyContainer/Test/test.php:0
[30-Jul-2016 12:39:56 UTC] PHP   2. assert() /home/ubuntu/workspace/DependencyContainer/Test/test.php:88
[30-Jul-2016 12:41:46 UTC] PHP Catchable fatal error:  Argument 2 passed to DependencyContainer\Exception\DependencyContainerException::__construct() must be an instance of DependencyContainer\Exception\Exception, instance of Exception given, called in /home/ubuntu/workspace/DependencyContainer/src/DependencyContainer/DependencyContainer.php on line 48 and defined in /home/ubuntu/workspace/DependencyContainer/src/DependencyContainer/Exception/DependencyContainerException.php on line 8
[30-Jul-2016 12:41:46 UTC] PHP Stack trace:
[30-Jul-2016 12:41:46 UTC] PHP   1. {main}() /home/ubuntu/workspace/DependencyContainer/Test/test.php:0
[30-Jul-2016 12:41:46 UTC] PHP   2. DependencyContainer\DependencyContainer->get() /home/ubuntu/workspace/DependencyContainer/Test/test.php:84
[30-Jul-2016 12:41:46 UTC] PHP   3. DependencyContainer\Exception\DependencyContainerException->__construct() /home/ubuntu/workspace/DependencyContainer/src/DependencyContainer/DependencyContainer.php:48
[30-Jul-2016 12:42:24 UTC] PHP Catchable fatal error:  Argument 2 passed to DependencyContainer\Exception\DependencyContainerException::__construct() must be an instance of DependencyContainer\Exception\Exception, instance of Exception given, called in /home/ubuntu/workspace/DependencyContainer/src/DependencyContainer/DependencyContainer.php on line 48 and defined in /home/ubuntu/workspace/DependencyContainer/src/DependencyContainer/Exception/DependencyContainerException.php on line 8
[30-Jul-2016 12:42:24 UTC] PHP Stack trace:
[30-Jul-2016 12:42:24 UTC] PHP   1. {main}() /home/ubuntu/workspace/DependencyContainer/Test/test.php:0
[30-Jul-2016 12:42:24 UTC] PHP   2. DependencyContainer\DependencyContainer->get() /home/ubuntu/workspace/DependencyContainer/Test/test.php:84
[30-Jul-2016 12:42:24 UTC] PHP   3. DependencyContainer\Exception\DependencyContainerException->__construct() /home/ubuntu/workspace/DependencyContainer/src/DependencyContainer/DependencyContainer.php:48
[30-Jul-2016 12:42:48 UTC] PHP Catchable fatal error:  Argument 2 passed to DependencyContainer\Exception\DependencyContainerException::__construct() must be an instance of DependencyContainer\Exception\Exception, instance of Exception given, called in /home/ubuntu/workspace/DependencyContainer/src/DependencyContainer/DependencyContainer.php on line 48 and defined in /home/ubuntu/workspace/DependencyContainer/src/DependencyContainer/Exception/DependencyContainerException.php on line 8
[30-Jul-2016 12:42:48 UTC] PHP Stack trace:
[30-Jul-2016 12:42:48 UTC] PHP   1. {main}() /home/ubuntu/workspace/DependencyContainer/Test/test.php:0
[30-Jul-2016 12:42:48 UTC] PHP   2. DependencyContainer\DependencyContainer->get() /home/ubuntu/workspace/DependencyContainer/Test/test.php:84
[30-Jul-2016 12:42:48 UTC] PHP   3. DependencyContainer\Exception\DependencyContainerException->__construct() /home/ubuntu/workspace/DependencyContainer/src/DependencyContainer/DependencyContainer.php:48
[30-Jul-2016 12:43:13 UTC] PHP Catchable fatal error:  Argument 2 passed to DependencyContainer\Exception\DependencyContainerException::__construct() must be an instance of DependencyContainer\Exception\Exception, instance of Exception given, called in /home/ubuntu/workspace/DependencyContainer/src/DependencyContainer/DependencyContainer.php on line 48 and defined in /home/ubuntu/workspace/DependencyContainer/src/DependencyContainer/Exception/DependencyContainerException.php on line 8
[30-Jul-2016 12:43:13 UTC] PHP Stack trace:
[30-Jul-2016 12:43:13 UTC] PHP   1. {main}() /home/ubuntu/workspace/DependencyContainer/Test/test.php:0
[30-Jul-2016 12:43:13 UTC] PHP   2. DependencyContainer\DependencyContainer->get() /home/ubuntu/workspace/DependencyContainer/Test/test.php:84
[30-Jul-2016 12:43:13 UTC] PHP   3. DependencyContainer\Exception\DependencyContainerException->__construct() /home/ubuntu/workspace/DependencyContainer/src/DependencyContainer/DependencyContainer.php:48
[30-Jul-2016 12:44:23 UTC] PHP Catchable fatal error:  Argument 2 passed to DependencyContainer\Exception\DependencyContainerException::__construct() must be an instance of DependencyContainer\Exception\Exception, instance of Exception given, called in /home/ubuntu/workspace/DependencyContainer/src/DependencyContainer/DependencyContainer.php on line 48 and defined in /home/ubuntu/workspace/DependencyContainer/src/DependencyContainer/Exception/DependencyContainerException.php on line 8
[30-Jul-2016 12:44:23 UTC] PHP Stack trace:
[30-Jul-2016 12:44:23 UTC] PHP   1. {main}() /home/ubuntu/workspace/DependencyContainer/Test/test.php:0
[30-Jul-2016 12:44:23 UTC] PHP   2. DependencyContainer\DependencyContainer->get() /home/ubuntu/workspace/DependencyContainer/Test/test.php:84
[30-Jul-2016 12:44:23 UTC] PHP   3. DependencyContainer\Exception\DependencyContainerException->__construct() /home/ubuntu/workspace/DependencyContainer/src/DependencyContainer/DependencyContainer.php:48
[30-Jul-2016 12:46:30 UTC] PHP Fatal error:  Class 'DependencyContainer\DependencyContainer' not found in /home/ubuntu/workspace/DependencyContainer/Test/test.php on line 5
[30-Jul-2016 12:46:30 UTC] PHP Stack trace:
[30-Jul-2016 12:46:30 UTC] PHP   1. {main}() /home/ubuntu/workspace/DependencyContainer/Test/test.php:0
